<?xml version="1.0" encoding="UTF-8"?>
<testsuite xmlns:xsi="http://www.w3.org/2001/XMLSchema-instance" xsi:noNamespaceSchemaLocation="https://maven.apache.org/surefire/maven-surefire-plugin/xsd/surefire-test-report-3.0.xsd" version="3.0" name="DolphinDAOTest" time="3.32" tests="4" errors="0" skipped="0" failures="0">
  <properties>
    <property name="java.specification.version" value="17"/>
    <property name="sun.jnu.encoding" value="UTF-8"/>
    <property name="java.class.path" value="/Users/youssefbadran/Documents/GitHub/3sem-assignments/target/test-classes:/Users/youssefbadran/Documents/GitHub/3sem-assignments/target/classes:/Users/youssefbadran/.m2/repository/org/slf4j/slf4j-simple/2.0.7/slf4j-simple-2.0.7.jar:/Users/youssefbadran/.m2/repository/org/slf4j/slf4j-api/2.0.7/slf4j-api-2.0.7.jar:/Users/youssefbadran/.m2/repository/org/postgresql/postgresql/42.6.0/postgresql-42.6.0.jar:/Users/youssefbadran/.m2/repository/org/checkerframework/checker-qual/3.31.0/checker-qual-3.31.0.jar:/Users/youssefbadran/.m2/repository/org/hibernate/orm/hibernate-core/6.2.4.Final/hibernate-core-6.2.4.Final.jar:/Users/youssefbadran/.m2/repository/jakarta/persistence/jakarta.persistence-api/3.1.0/jakarta.persistence-api-3.1.0.jar:/Users/youssefbadran/.m2/repository/jakarta/transaction/jakarta.transaction-api/2.0.1/jakarta.transaction-api-2.0.1.jar:/Users/youssefbadran/.m2/repository/org/jboss/logging/jboss-logging/3.5.0.Final/jboss-logging-3.5.0.Final.jar:/Users/youssefbadran/.m2/repository/org/hibernate/common/hibernate-commons-annotations/6.0.6.Final/hibernate-commons-annotations-6.0.6.Final.jar:/Users/youssefbadran/.m2/repository/io/smallrye/jandex/3.0.5/jandex-3.0.5.jar:/Users/youssefbadran/.m2/repository/com/fasterxml/classmate/1.5.1/classmate-1.5.1.jar:/Users/youssefbadran/.m2/repository/net/bytebuddy/byte-buddy/1.12.18/byte-buddy-1.12.18.jar:/Users/youssefbadran/.m2/repository/jakarta/xml/bind/jakarta.xml.bind-api/4.0.0/jakarta.xml.bind-api-4.0.0.jar:/Users/youssefbadran/.m2/repository/jakarta/activation/jakarta.activation-api/2.1.0/jakarta.activation-api-2.1.0.jar:/Users/youssefbadran/.m2/repository/org/glassfish/jaxb/jaxb-runtime/4.0.2/jaxb-runtime-4.0.2.jar:/Users/youssefbadran/.m2/repository/org/glassfish/jaxb/jaxb-core/4.0.2/jaxb-core-4.0.2.jar:/Users/youssefbadran/.m2/repository/org/eclipse/angus/angus-activation/2.0.0/angus-activation-2.0.0.jar:/Users/youssefbadran/.m2/repository/org/glassfish/jaxb/txw2/4.0.2/txw2-4.0.2.jar:/Users/youssefbadran/.m2/repository/com/sun/istack/istack-commons-runtime/4.1.1/istack-commons-runtime-4.1.1.jar:/Users/youssefbadran/.m2/repository/jakarta/inject/jakarta.inject-api/2.0.1/jakarta.inject-api-2.0.1.jar:/Users/youssefbadran/.m2/repository/org/antlr/antlr4-runtime/4.10.1/antlr4-runtime-4.10.1.jar:/Users/youssefbadran/.m2/repository/org/projectlombok/lombok/1.18.28/lombok-1.18.28.jar:/Users/youssefbadran/.m2/repository/com/squareup/okhttp3/okhttp/4.2.2/okhttp-4.2.2.jar:/Users/youssefbadran/.m2/repository/com/squareup/okio/okio/2.2.2/okio-2.2.2.jar:/Users/youssefbadran/.m2/repository/org/jetbrains/kotlin/kotlin-stdlib/1.3.50/kotlin-stdlib-1.3.50.jar:/Users/youssefbadran/.m2/repository/org/jetbrains/kotlin/kotlin-stdlib-common/1.3.50/kotlin-stdlib-common-1.3.50.jar:/Users/youssefbadran/.m2/repository/com/google/code/gson/gson/2.8.9/gson-2.8.9.jar:/Users/youssefbadran/.m2/repository/org/junit/jupiter/junit-jupiter-api/5.7.0/junit-jupiter-api-5.7.0.jar:/Users/youssefbadran/.m2/repository/org/apiguardian/apiguardian-api/1.1.0/apiguardian-api-1.1.0.jar:/Users/youssefbadran/.m2/repository/org/opentest4j/opentest4j/1.2.0/opentest4j-1.2.0.jar:/Users/youssefbadran/.m2/repository/org/junit/platform/junit-platform-commons/1.7.0/junit-platform-commons-1.7.0.jar:/Users/youssefbadran/.m2/repository/com/fasterxml/jackson/core/jackson-databind/2.15.0/jackson-databind-2.15.0.jar:/Users/youssefbadran/.m2/repository/com/fasterxml/jackson/core/jackson-annotations/2.15.0/jackson-annotations-2.15.0.jar:/Users/youssefbadran/.m2/repository/com/fasterxml/jackson/core/jackson-core/2.15.0/jackson-core-2.15.0.jar:/Users/youssefbadran/.m2/repository/org/junit/jupiter/junit-jupiter-engine/5.7.0/junit-jupiter-engine-5.7.0.jar:/Users/youssefbadran/.m2/repository/org/junit/platform/junit-platform-engine/1.7.0/junit-platform-engine-1.7.0.jar:/Users/youssefbadran/.m2/repository/org/junit/jupiter/junit-jupiter-params/5.7.0/junit-jupiter-params-5.7.0.jar:/Users/youssefbadran/.m2/repository/org/hamcrest/hamcrest-library/1.3/hamcrest-library-1.3.jar:/Users/youssefbadran/.m2/repository/org/hamcrest/hamcrest-core/1.3/hamcrest-core-1.3.jar:/Users/youssefbadran/.m2/repository/org/testcontainers/testcontainers/1.19.5/testcontainers-1.19.5.jar:/Users/youssefbadran/.m2/repository/junit/junit/4.13.2/junit-4.13.2.jar:/Users/youssefbadran/.m2/repository/org/apache/commons/commons-compress/1.24.0/commons-compress-1.24.0.jar:/Users/youssefbadran/.m2/repository/org/rnorth/duct-tape/duct-tape/1.0.8/duct-tape-1.0.8.jar:/Users/youssefbadran/.m2/repository/com/github/docker-java/docker-java-api/3.3.4/docker-java-api-3.3.4.jar:/Users/youssefbadran/.m2/repository/com/github/docker-java/docker-java-transport-zerodep/3.3.4/docker-java-transport-zerodep-3.3.4.jar:/Users/youssefbadran/.m2/repository/com/github/docker-java/docker-java-transport/3.3.4/docker-java-transport-3.3.4.jar:/Users/youssefbadran/.m2/repository/net/java/dev/jna/jna/5.13.0/jna-5.13.0.jar:/Users/youssefbadran/.m2/repository/org/testcontainers/postgresql/1.19.5/postgresql-1.19.5.jar:/Users/youssefbadran/.m2/repository/org/testcontainers/jdbc/1.19.5/jdbc-1.19.5.jar:/Users/youssefbadran/.m2/repository/org/testcontainers/database-commons/1.19.5/database-commons-1.19.5.jar:/Users/youssefbadran/.m2/repository/org/testcontainers/junit-jupiter/1.19.5/junit-jupiter-1.19.5.jar:/Users/youssefbadran/.m2/repository/io/javalin/javalin/5.6.1/javalin-5.6.1.jar:/Users/youssefbadran/.m2/repository/org/jetbrains/annotations/24.0.1/annotations-24.0.1.jar:/Users/youssefbadran/.m2/repository/org/eclipse/jetty/jetty-server/11.0.15/jetty-server-11.0.15.jar:/Users/youssefbadran/.m2/repository/org/eclipse/jetty/toolchain/jetty-jakarta-servlet-api/5.0.2/jetty-jakarta-servlet-api-5.0.2.jar:/Users/youssefbadran/.m2/repository/org/eclipse/jetty/jetty-http/11.0.15/jetty-http-11.0.15.jar:/Users/youssefbadran/.m2/repository/org/eclipse/jetty/jetty-util/11.0.15/jetty-util-11.0.15.jar:/Users/youssefbadran/.m2/repository/org/eclipse/jetty/jetty-io/11.0.15/jetty-io-11.0.15.jar:/Users/youssefbadran/.m2/repository/org/eclipse/jetty/jetty-webapp/11.0.15/jetty-webapp-11.0.15.jar:/Users/youssefbadran/.m2/repository/org/eclipse/jetty/jetty-servlet/11.0.15/jetty-servlet-11.0.15.jar:/Users/youssefbadran/.m2/repository/org/eclipse/jetty/jetty-security/11.0.15/jetty-security-11.0.15.jar:/Users/youssefbadran/.m2/repository/org/eclipse/jetty/jetty-xml/11.0.15/jetty-xml-11.0.15.jar:/Users/youssefbadran/.m2/repository/org/eclipse/jetty/websocket/websocket-jetty-server/11.0.15/websocket-jetty-server-11.0.15.jar:/Users/youssefbadran/.m2/repository/org/eclipse/jetty/websocket/websocket-jetty-common/11.0.15/websocket-jetty-common-11.0.15.jar:/Users/youssefbadran/.m2/repository/org/eclipse/jetty/websocket/websocket-core-common/11.0.15/websocket-core-common-11.0.15.jar:/Users/youssefbadran/.m2/repository/org/eclipse/jetty/websocket/websocket-servlet/11.0.15/websocket-servlet-11.0.15.jar:/Users/youssefbadran/.m2/repository/org/eclipse/jetty/websocket/websocket-core-server/11.0.15/websocket-core-server-11.0.15.jar:/Users/youssefbadran/.m2/repository/org/eclipse/jetty/jetty-annotations/11.0.15/jetty-annotations-11.0.15.jar:/Users/youssefbadran/.m2/repository/org/eclipse/jetty/jetty-plus/11.0.15/jetty-plus-11.0.15.jar:/Users/youssefbadran/.m2/repository/org/eclipse/jetty/jetty-jndi/11.0.15/jetty-jndi-11.0.15.jar:/Users/youssefbadran/.m2/repository/jakarta/annotation/jakarta.annotation-api/2.1.1/jakarta.annotation-api-2.1.1.jar:/Users/youssefbadran/.m2/repository/org/ow2/asm/asm/9.5/asm-9.5.jar:/Users/youssefbadran/.m2/repository/org/ow2/asm/asm-commons/9.5/asm-commons-9.5.jar:/Users/youssefbadran/.m2/repository/org/ow2/asm/asm-tree/9.5/asm-tree-9.5.jar:/Users/youssefbadran/.m2/repository/org/eclipse/jetty/websocket/websocket-jetty-api/11.0.15/websocket-jetty-api-11.0.15.jar:/Users/youssefbadran/.m2/repository/org/jetbrains/kotlin/kotlin-stdlib-jdk8/1.8.21/kotlin-stdlib-jdk8-1.8.21.jar:/Users/youssefbadran/.m2/repository/org/jetbrains/kotlin/kotlin-stdlib-jdk7/1.8.21/kotlin-stdlib-jdk7-1.8.21.jar:/Users/youssefbadran/.m2/repository/io/rest-assured/rest-assured/5.3.0/rest-assured-5.3.0.jar:/Users/youssefbadran/.m2/repository/org/apache/groovy/groovy/4.0.6/groovy-4.0.6.jar:/Users/youssefbadran/.m2/repository/org/apache/groovy/groovy-xml/4.0.6/groovy-xml-4.0.6.jar:/Users/youssefbadran/.m2/repository/org/apache/httpcomponents/httpclient/4.5.13/httpclient-4.5.13.jar:/Users/youssefbadran/.m2/repository/org/apache/httpcomponents/httpcore/4.4.13/httpcore-4.4.13.jar:/Users/youssefbadran/.m2/repository/commons-logging/commons-logging/1.2/commons-logging-1.2.jar:/Users/youssefbadran/.m2/repository/commons-codec/commons-codec/1.11/commons-codec-1.11.jar:/Users/youssefbadran/.m2/repository/org/apache/httpcomponents/httpmime/4.5.13/httpmime-4.5.13.jar:/Users/youssefbadran/.m2/repository/org/hamcrest/hamcrest/2.1/hamcrest-2.1.jar:/Users/youssefbadran/.m2/repository/org/ccil/cowan/tagsoup/tagsoup/1.2.1/tagsoup-1.2.1.jar:/Users/youssefbadran/.m2/repository/io/rest-assured/json-path/5.3.0/json-path-5.3.0.jar:/Users/youssefbadran/.m2/repository/org/apache/groovy/groovy-json/4.0.6/groovy-json-4.0.6.jar:/Users/youssefbadran/.m2/repository/io/rest-assured/rest-assured-common/5.3.0/rest-assured-common-5.3.0.jar:/Users/youssefbadran/.m2/repository/io/rest-assured/xml-path/5.3.0/xml-path-5.3.0.jar:/Users/youssefbadran/.m2/repository/org/apache/commons/commons-lang3/3.11/commons-lang3-3.11.jar:/Users/youssefbadran/.m2/repository/io/rest-assured/json-schema-validator/5.3.0/json-schema-validator-5.3.0.jar:/Users/youssefbadran/.m2/repository/com/github/java-json-tools/json-schema-validator/2.2.14/json-schema-validator-2.2.14.jar:/Users/youssefbadran/.m2/repository/com/google/guava/guava/28.2-android/guava-28.2-android.jar:/Users/youssefbadran/.m2/repository/com/google/guava/failureaccess/1.0.1/failureaccess-1.0.1.jar:/Users/youssefbadran/.m2/repository/com/google/guava/listenablefuture/9999.0-empty-to-avoid-conflict-with-guava/listenablefuture-9999.0-empty-to-avoid-conflict-with-guava.jar:/Users/youssefbadran/.m2/repository/org/checkerframework/checker-compat-qual/2.5.5/checker-compat-qual-2.5.5.jar:/Users/youssefbadran/.m2/repository/com/google/errorprone/error_prone_annotations/2.3.4/error_prone_annotations-2.3.4.jar:/Users/youssefbadran/.m2/repository/com/google/j2objc/j2objc-annotations/1.3/j2objc-annotations-1.3.jar:/Users/youssefbadran/.m2/repository/com/github/java-json-tools/jackson-coreutils-equivalence/1.0/jackson-coreutils-equivalence-1.0.jar:/Users/youssefbadran/.m2/repository/com/github/java-json-tools/jackson-coreutils/2.0/jackson-coreutils-2.0.jar:/Users/youssefbadran/.m2/repository/com/github/java-json-tools/msg-simple/1.2/msg-simple-1.2.jar:/Users/youssefbadran/.m2/repository/com/github/java-json-tools/btf/1.3/btf-1.3.jar:/Users/youssefbadran/.m2/repository/com/github/java-json-tools/json-schema-core/1.2.14/json-schema-core-1.2.14.jar:/Users/youssefbadran/.m2/repository/com/github/java-json-tools/uri-template/0.10/uri-template-0.10.jar:/Users/youssefbadran/.m2/repository/org/mozilla/rhino/1.7.7.2/rhino-1.7.7.2.jar:/Users/youssefbadran/.m2/repository/com/sun/mail/mailapi/1.6.2/mailapi-1.6.2.jar:/Users/youssefbadran/.m2/repository/joda-time/joda-time/2.10.5/joda-time-2.10.5.jar:/Users/youssefbadran/.m2/repository/com/googlecode/libphonenumber/libphonenumber/8.11.1/libphonenumber-8.11.1.jar:/Users/youssefbadran/.m2/repository/com/google/code/findbugs/jsr305/3.0.2/jsr305-3.0.2.jar:/Users/youssefbadran/.m2/repository/net/sf/jopt-simple/jopt-simple/5.0.4/jopt-simple-5.0.4.jar:/Users/youssefbadran/.m2/repository/com/nimbusds/nimbus-jose-jwt/9.0.1/nimbus-jose-jwt-9.0.1.jar:/Users/youssefbadran/.m2/repository/com/github/stephenc/jcip/jcip-annotations/1.0-1/jcip-annotations-1.0-1.jar:/Users/youssefbadran/.m2/repository/org/mindrot/jbcrypt/0.4/jbcrypt-0.4.jar:"/>
    <property name="java.vm.vendor" value="Amazon.com Inc."/>
    <property name="sun.arch.data.model" value="64"/>
    <property name="java.vendor.url" value="https://aws.amazon.com/corretto/"/>
    <property name="user.timezone" value="Europe/Copenhagen"/>
    <property name="os.name" value="Mac OS X"/>
    <property name="java.vm.specification.version" value="17"/>
    <property name="sun.java.launcher" value="SUN_STANDARD"/>
    <property name="user.country" value="GB"/>
    <property name="sun.boot.library.path" value="/Users/youssefbadran/Library/Java/JavaVirtualMachines/corretto-17.0.10/Contents/Home/lib"/>
    <property name="sun.java.command" value="/Users/youssefbadran/Documents/GitHub/3sem-assignments/target/surefire/surefirebooter-20240311191440052_3.jar /Users/youssefbadran/Documents/GitHub/3sem-assignments/target/surefire 2024-03-11T19-14-39_990-jvmRun1 surefire-20240311191440052_1tmp surefire_0-20240311191440052_2tmp"/>
    <property name="http.nonProxyHosts" value="local|*.local|169.254/16|*.169.254/16"/>
    <property name="jdk.debug" value="release"/>
    <property name="surefire.test.class.path" value="/Users/youssefbadran/Documents/GitHub/3sem-assignments/target/test-classes:/Users/youssefbadran/Documents/GitHub/3sem-assignments/target/classes:/Users/youssefbadran/.m2/repository/org/slf4j/slf4j-simple/2.0.7/slf4j-simple-2.0.7.jar:/Users/youssefbadran/.m2/repository/org/slf4j/slf4j-api/2.0.7/slf4j-api-2.0.7.jar:/Users/youssefbadran/.m2/repository/org/postgresql/postgresql/42.6.0/postgresql-42.6.0.jar:/Users/youssefbadran/.m2/repository/org/checkerframework/checker-qual/3.31.0/checker-qual-3.31.0.jar:/Users/youssefbadran/.m2/repository/org/hibernate/orm/hibernate-core/6.2.4.Final/hibernate-core-6.2.4.Final.jar:/Users/youssefbadran/.m2/repository/jakarta/persistence/jakarta.persistence-api/3.1.0/jakarta.persistence-api-3.1.0.jar:/Users/youssefbadran/.m2/repository/jakarta/transaction/jakarta.transaction-api/2.0.1/jakarta.transaction-api-2.0.1.jar:/Users/youssefbadran/.m2/repository/org/jboss/logging/jboss-logging/3.5.0.Final/jboss-logging-3.5.0.Final.jar:/Users/youssefbadran/.m2/repository/org/hibernate/common/hibernate-commons-annotations/6.0.6.Final/hibernate-commons-annotations-6.0.6.Final.jar:/Users/youssefbadran/.m2/repository/io/smallrye/jandex/3.0.5/jandex-3.0.5.jar:/Users/youssefbadran/.m2/repository/com/fasterxml/classmate/1.5.1/classmate-1.5.1.jar:/Users/youssefbadran/.m2/repository/net/bytebuddy/byte-buddy/1.12.18/byte-buddy-1.12.18.jar:/Users/youssefbadran/.m2/repository/jakarta/xml/bind/jakarta.xml.bind-api/4.0.0/jakarta.xml.bind-api-4.0.0.jar:/Users/youssefbadran/.m2/repository/jakarta/activation/jakarta.activation-api/2.1.0/jakarta.activation-api-2.1.0.jar:/Users/youssefbadran/.m2/repository/org/glassfish/jaxb/jaxb-runtime/4.0.2/jaxb-runtime-4.0.2.jar:/Users/youssefbadran/.m2/repository/org/glassfish/jaxb/jaxb-core/4.0.2/jaxb-core-4.0.2.jar:/Users/youssefbadran/.m2/repository/org/eclipse/angus/angus-activation/2.0.0/angus-activation-2.0.0.jar:/Users/youssefbadran/.m2/repository/org/glassfish/jaxb/txw2/4.0.2/txw2-4.0.2.jar:/Users/youssefbadran/.m2/repository/com/sun/istack/istack-commons-runtime/4.1.1/istack-commons-runtime-4.1.1.jar:/Users/youssefbadran/.m2/repository/jakarta/inject/jakarta.inject-api/2.0.1/jakarta.inject-api-2.0.1.jar:/Users/youssefbadran/.m2/repository/org/antlr/antlr4-runtime/4.10.1/antlr4-runtime-4.10.1.jar:/Users/youssefbadran/.m2/repository/org/projectlombok/lombok/1.18.28/lombok-1.18.28.jar:/Users/youssefbadran/.m2/repository/com/squareup/okhttp3/okhttp/4.2.2/okhttp-4.2.2.jar:/Users/youssefbadran/.m2/repository/com/squareup/okio/okio/2.2.2/okio-2.2.2.jar:/Users/youssefbadran/.m2/repository/org/jetbrains/kotlin/kotlin-stdlib/1.3.50/kotlin-stdlib-1.3.50.jar:/Users/youssefbadran/.m2/repository/org/jetbrains/kotlin/kotlin-stdlib-common/1.3.50/kotlin-stdlib-common-1.3.50.jar:/Users/youssefbadran/.m2/repository/com/google/code/gson/gson/2.8.9/gson-2.8.9.jar:/Users/youssefbadran/.m2/repository/org/junit/jupiter/junit-jupiter-api/5.7.0/junit-jupiter-api-5.7.0.jar:/Users/youssefbadran/.m2/repository/org/apiguardian/apiguardian-api/1.1.0/apiguardian-api-1.1.0.jar:/Users/youssefbadran/.m2/repository/org/opentest4j/opentest4j/1.2.0/opentest4j-1.2.0.jar:/Users/youssefbadran/.m2/repository/org/junit/platform/junit-platform-commons/1.7.0/junit-platform-commons-1.7.0.jar:/Users/youssefbadran/.m2/repository/com/fasterxml/jackson/core/jackson-databind/2.15.0/jackson-databind-2.15.0.jar:/Users/youssefbadran/.m2/repository/com/fasterxml/jackson/core/jackson-annotations/2.15.0/jackson-annotations-2.15.0.jar:/Users/youssefbadran/.m2/repository/com/fasterxml/jackson/core/jackson-core/2.15.0/jackson-core-2.15.0.jar:/Users/youssefbadran/.m2/repository/org/junit/jupiter/junit-jupiter-engine/5.7.0/junit-jupiter-engine-5.7.0.jar:/Users/youssefbadran/.m2/repository/org/junit/platform/junit-platform-engine/1.7.0/junit-platform-engine-1.7.0.jar:/Users/youssefbadran/.m2/repository/org/junit/jupiter/junit-jupiter-params/5.7.0/junit-jupiter-params-5.7.0.jar:/Users/youssefbadran/.m2/repository/org/hamcrest/hamcrest-library/1.3/hamcrest-library-1.3.jar:/Users/youssefbadran/.m2/repository/org/hamcrest/hamcrest-core/1.3/hamcrest-core-1.3.jar:/Users/youssefbadran/.m2/repository/org/testcontainers/testcontainers/1.19.5/testcontainers-1.19.5.jar:/Users/youssefbadran/.m2/repository/junit/junit/4.13.2/junit-4.13.2.jar:/Users/youssefbadran/.m2/repository/org/apache/commons/commons-compress/1.24.0/commons-compress-1.24.0.jar:/Users/youssefbadran/.m2/repository/org/rnorth/duct-tape/duct-tape/1.0.8/duct-tape-1.0.8.jar:/Users/youssefbadran/.m2/repository/com/github/docker-java/docker-java-api/3.3.4/docker-java-api-3.3.4.jar:/Users/youssefbadran/.m2/repository/com/github/docker-java/docker-java-transport-zerodep/3.3.4/docker-java-transport-zerodep-3.3.4.jar:/Users/youssefbadran/.m2/repository/com/github/docker-java/docker-java-transport/3.3.4/docker-java-transport-3.3.4.jar:/Users/youssefbadran/.m2/repository/net/java/dev/jna/jna/5.13.0/jna-5.13.0.jar:/Users/youssefbadran/.m2/repository/org/testcontainers/postgresql/1.19.5/postgresql-1.19.5.jar:/Users/youssefbadran/.m2/repository/org/testcontainers/jdbc/1.19.5/jdbc-1.19.5.jar:/Users/youssefbadran/.m2/repository/org/testcontainers/database-commons/1.19.5/database-commons-1.19.5.jar:/Users/youssefbadran/.m2/repository/org/testcontainers/junit-jupiter/1.19.5/junit-jupiter-1.19.5.jar:/Users/youssefbadran/.m2/repository/io/javalin/javalin/5.6.1/javalin-5.6.1.jar:/Users/youssefbadran/.m2/repository/org/jetbrains/annotations/24.0.1/annotations-24.0.1.jar:/Users/youssefbadran/.m2/repository/org/eclipse/jetty/jetty-server/11.0.15/jetty-server-11.0.15.jar:/Users/youssefbadran/.m2/repository/org/eclipse/jetty/toolchain/jetty-jakarta-servlet-api/5.0.2/jetty-jakarta-servlet-api-5.0.2.jar:/Users/youssefbadran/.m2/repository/org/eclipse/jetty/jetty-http/11.0.15/jetty-http-11.0.15.jar:/Users/youssefbadran/.m2/repository/org/eclipse/jetty/jetty-util/11.0.15/jetty-util-11.0.15.jar:/Users/youssefbadran/.m2/repository/org/eclipse/jetty/jetty-io/11.0.15/jetty-io-11.0.15.jar:/Users/youssefbadran/.m2/repository/org/eclipse/jetty/jetty-webapp/11.0.15/jetty-webapp-11.0.15.jar:/Users/youssefbadran/.m2/repository/org/eclipse/jetty/jetty-servlet/11.0.15/jetty-servlet-11.0.15.jar:/Users/youssefbadran/.m2/repository/org/eclipse/jetty/jetty-security/11.0.15/jetty-security-11.0.15.jar:/Users/youssefbadran/.m2/repository/org/eclipse/jetty/jetty-xml/11.0.15/jetty-xml-11.0.15.jar:/Users/youssefbadran/.m2/repository/org/eclipse/jetty/websocket/websocket-jetty-server/11.0.15/websocket-jetty-server-11.0.15.jar:/Users/youssefbadran/.m2/repository/org/eclipse/jetty/websocket/websocket-jetty-common/11.0.15/websocket-jetty-common-11.0.15.jar:/Users/youssefbadran/.m2/repository/org/eclipse/jetty/websocket/websocket-core-common/11.0.15/websocket-core-common-11.0.15.jar:/Users/youssefbadran/.m2/repository/org/eclipse/jetty/websocket/websocket-servlet/11.0.15/websocket-servlet-11.0.15.jar:/Users/youssefbadran/.m2/repository/org/eclipse/jetty/websocket/websocket-core-server/11.0.15/websocket-core-server-11.0.15.jar:/Users/youssefbadran/.m2/repository/org/eclipse/jetty/jetty-annotations/11.0.15/jetty-annotations-11.0.15.jar:/Users/youssefbadran/.m2/repository/org/eclipse/jetty/jetty-plus/11.0.15/jetty-plus-11.0.15.jar:/Users/youssefbadran/.m2/repository/org/eclipse/jetty/jetty-jndi/11.0.15/jetty-jndi-11.0.15.jar:/Users/youssefbadran/.m2/repository/jakarta/annotation/jakarta.annotation-api/2.1.1/jakarta.annotation-api-2.1.1.jar:/Users/youssefbadran/.m2/repository/org/ow2/asm/asm/9.5/asm-9.5.jar:/Users/youssefbadran/.m2/repository/org/ow2/asm/asm-commons/9.5/asm-commons-9.5.jar:/Users/youssefbadran/.m2/repository/org/ow2/asm/asm-tree/9.5/asm-tree-9.5.jar:/Users/youssefbadran/.m2/repository/org/eclipse/jetty/websocket/websocket-jetty-api/11.0.15/websocket-jetty-api-11.0.15.jar:/Users/youssefbadran/.m2/repository/org/jetbrains/kotlin/kotlin-stdlib-jdk8/1.8.21/kotlin-stdlib-jdk8-1.8.21.jar:/Users/youssefbadran/.m2/repository/org/jetbrains/kotlin/kotlin-stdlib-jdk7/1.8.21/kotlin-stdlib-jdk7-1.8.21.jar:/Users/youssefbadran/.m2/repository/io/rest-assured/rest-assured/5.3.0/rest-assured-5.3.0.jar:/Users/youssefbadran/.m2/repository/org/apache/groovy/groovy/4.0.6/groovy-4.0.6.jar:/Users/youssefbadran/.m2/repository/org/apache/groovy/groovy-xml/4.0.6/groovy-xml-4.0.6.jar:/Users/youssefbadran/.m2/repository/org/apache/httpcomponents/httpclient/4.5.13/httpclient-4.5.13.jar:/Users/youssefbadran/.m2/repository/org/apache/httpcomponents/httpcore/4.4.13/httpcore-4.4.13.jar:/Users/youssefbadran/.m2/repository/commons-logging/commons-logging/1.2/commons-logging-1.2.jar:/Users/youssefbadran/.m2/repository/commons-codec/commons-codec/1.11/commons-codec-1.11.jar:/Users/youssefbadran/.m2/repository/org/apache/httpcomponents/httpmime/4.5.13/httpmime-4.5.13.jar:/Users/youssefbadran/.m2/repository/org/hamcrest/hamcrest/2.1/hamcrest-2.1.jar:/Users/youssefbadran/.m2/repository/org/ccil/cowan/tagsoup/tagsoup/1.2.1/tagsoup-1.2.1.jar:/Users/youssefbadran/.m2/repository/io/rest-assured/json-path/5.3.0/json-path-5.3.0.jar:/Users/youssefbadran/.m2/repository/org/apache/groovy/groovy-json/4.0.6/groovy-json-4.0.6.jar:/Users/youssefbadran/.m2/repository/io/rest-assured/rest-assured-common/5.3.0/rest-assured-common-5.3.0.jar:/Users/youssefbadran/.m2/repository/io/rest-assured/xml-path/5.3.0/xml-path-5.3.0.jar:/Users/youssefbadran/.m2/repository/org/apache/commons/commons-lang3/3.11/commons-lang3-3.11.jar:/Users/youssefbadran/.m2/repository/io/rest-assured/json-schema-validator/5.3.0/json-schema-validator-5.3.0.jar:/Users/youssefbadran/.m2/repository/com/github/java-json-tools/json-schema-validator/2.2.14/json-schema-validator-2.2.14.jar:/Users/youssefbadran/.m2/repository/com/google/guava/guava/28.2-android/guava-28.2-android.jar:/Users/youssefbadran/.m2/repository/com/google/guava/failureaccess/1.0.1/failureaccess-1.0.1.jar:/Users/youssefbadran/.m2/repository/com/google/guava/listenablefuture/9999.0-empty-to-avoid-conflict-with-guava/listenablefuture-9999.0-empty-to-avoid-conflict-with-guava.jar:/Users/youssefbadran/.m2/repository/org/checkerframework/checker-compat-qual/2.5.5/checker-compat-qual-2.5.5.jar:/Users/youssefbadran/.m2/repository/com/google/errorprone/error_prone_annotations/2.3.4/error_prone_annotations-2.3.4.jar:/Users/youssefbadran/.m2/repository/com/google/j2objc/j2objc-annotations/1.3/j2objc-annotations-1.3.jar:/Users/youssefbadran/.m2/repository/com/github/java-json-tools/jackson-coreutils-equivalence/1.0/jackson-coreutils-equivalence-1.0.jar:/Users/youssefbadran/.m2/repository/com/github/java-json-tools/jackson-coreutils/2.0/jackson-coreutils-2.0.jar:/Users/youssefbadran/.m2/repository/com/github/java-json-tools/msg-simple/1.2/msg-simple-1.2.jar:/Users/youssefbadran/.m2/repository/com/github/java-json-tools/btf/1.3/btf-1.3.jar:/Users/youssefbadran/.m2/repository/com/github/java-json-tools/json-schema-core/1.2.14/json-schema-core-1.2.14.jar:/Users/youssefbadran/.m2/repository/com/github/java-json-tools/uri-template/0.10/uri-template-0.10.jar:/Users/youssefbadran/.m2/repository/org/mozilla/rhino/1.7.7.2/rhino-1.7.7.2.jar:/Users/youssefbadran/.m2/repository/com/sun/mail/mailapi/1.6.2/mailapi-1.6.2.jar:/Users/youssefbadran/.m2/repository/joda-time/joda-time/2.10.5/joda-time-2.10.5.jar:/Users/youssefbadran/.m2/repository/com/googlecode/libphonenumber/libphonenumber/8.11.1/libphonenumber-8.11.1.jar:/Users/youssefbadran/.m2/repository/com/google/code/findbugs/jsr305/3.0.2/jsr305-3.0.2.jar:/Users/youssefbadran/.m2/repository/net/sf/jopt-simple/jopt-simple/5.0.4/jopt-simple-5.0.4.jar:/Users/youssefbadran/.m2/repository/com/nimbusds/nimbus-jose-jwt/9.0.1/nimbus-jose-jwt-9.0.1.jar:/Users/youssefbadran/.m2/repository/com/github/stephenc/jcip/jcip-annotations/1.0-1/jcip-annotations-1.0-1.jar:/Users/youssefbadran/.m2/repository/org/mindrot/jbcrypt/0.4/jbcrypt-0.4.jar:"/>
    <property name="sun.cpu.endian" value="little"/>
    <property name="user.home" value="/Users/youssefbadran"/>
    <property name="user.language" value="en"/>
    <property name="java.specification.vendor" value="Oracle Corporation"/>
    <property name="java.version.date" value="2024-01-16"/>
    <property name="java.home" value="/Users/youssefbadran/Library/Java/JavaVirtualMachines/corretto-17.0.10/Contents/Home"/>
    <property name="file.separator" value="/"/>
    <property name="basedir" value="/Users/youssefbadran/Documents/GitHub/3sem-assignments"/>
    <property name="java.vm.compressedOopsMode" value="Zero based"/>
    <property name="line.separator" value="&#10;"/>
    <property name="java.vm.specification.vendor" value="Oracle Corporation"/>
    <property name="java.specification.name" value="Java Platform API Specification"/>
    <property name="surefire.real.class.path" value="/Users/youssefbadran/Documents/GitHub/3sem-assignments/target/surefire/surefirebooter-20240311191440052_3.jar"/>
    <property name="sun.management.compiler" value="HotSpot 64-Bit Tiered Compilers"/>
    <property name="ftp.nonProxyHosts" value="local|*.local|169.254/16|*.169.254/16"/>
    <property name="java.runtime.version" value="17.0.10+7-LTS"/>
    <property name="user.name" value="youssefbadran"/>
    <property name="path.separator" value=":"/>
    <property name="os.version" value="14.2.1"/>
    <property name="java.runtime.name" value="OpenJDK Runtime Environment"/>
    <property name="file.encoding" value="UTF-8"/>
    <property name="java.vm.name" value="OpenJDK 64-Bit Server VM"/>
    <property name="java.vendor.version" value="Corretto-17.0.10.7.1"/>
    <property name="localRepository" value="/Users/youssefbadran/.m2/repository"/>
    <property name="java.vendor.url.bug" value="https://github.com/corretto/corretto-17/issues/"/>
    <property name="java.io.tmpdir" value="/var/folders/nb/fxty61xd7jsbp25hcb0fqkr00000gn/T/"/>
    <property name="idea.version" value="2023.3.4"/>
    <property name="java.version" value="17.0.10"/>
    <property name="user.dir" value="/Users/youssefbadran/Documents/GitHub/3sem-assignments"/>
    <property name="os.arch" value="aarch64"/>
    <property name="java.vm.specification.name" value="Java Virtual Machine Specification"/>
    <property name="native.encoding" value="UTF-8"/>
    <property name="java.library.path" value="/Users/youssefbadran/Library/Java/Extensions:/Library/Java/Extensions:/Network/Library/Java/Extensions:/System/Library/Java/Extensions:/usr/lib/java:."/>
    <property name="java.vm.info" value="mixed mode, sharing"/>
    <property name="java.vendor" value="Amazon.com Inc."/>
    <property name="java.vm.version" value="17.0.10+7-LTS"/>
    <property name="sun.io.unicode.encoding" value="UnicodeBig"/>
    <property name="socksNonProxyHosts" value="local|*.local|169.254/16|*.169.254/16"/>
    <property name="java.class.version" value="61.0"/>
  </properties>
  <testcase name="create" classname="DolphinDAOTest" time="3.242">
    <system-out><![CDATA[Hibernate Java Config serviceRegistry created
Hibernate: alter table if exists Fee drop constraint if exists FKm4avbamv838iqlvt6nul323ak
Hibernate: alter table if exists Note drop constraint if exists FKcqjnh85fbt2qbfvx1uch2uqv9
Hibernate: alter table if exists PersonDetail drop constraint if exists FKagbw3rwf7u7omd3rgnuj29oeu
Hibernate: drop table if exists Fee cascade
Hibernate: drop table if exists Note cascade
Hibernate: drop table if exists Person cascade
Hibernate: drop table if exists PersonDetail cascade
Hibernate: create table Fee (Id serial not null, amount integer not null, payDate date, person_id integer, primary key (Id))
Hibernate: create table Note (createdOn date, id serial not null, person_id integer, createdBy varchar(255), note varchar(255), primary key (id))
Hibernate: create table Person (age integer not null, id serial not null, name varchar(255), primary key (id))
Hibernate: create table PersonDetail (age integer not null, person_id integer not null, zip integer not null, Address varchar(255), city varchar(255), primary key (person_id))
Hibernate: alter table if exists Fee add constraint FKm4avbamv838iqlvt6nul323ak foreign key (person_id) references Person
Hibernate: alter table if exists Note add constraint FKcqjnh85fbt2qbfvx1uch2uqv9 foreign key (person_id) references Person
Hibernate: alter table if exists PersonDetail add constraint FKagbw3rwf7u7omd3rgnuj29oeu foreign key (person_id) references Person
Hibernate: insert into Person (age,name) values (?,?)
Hibernate: insert into Person (age,name) values (?,?)
Hibernate: insert into Person (age,name) values (?,?)
Hibernate: insert into Person (age,name) values (?,?)
Hibernate: insert into Person (age,name) values (?,?)
]]></system-out>
    <system-err><![CDATA[Mar 11, 2024 7:14:40 PM org.hibernate.Version logVersion
INFO: HHH000412: Hibernate ORM core version 6.2.4.Final
Mar 11, 2024 7:14:40 PM org.hibernate.cfg.Environment <clinit>
INFO: HHH000406: Using bytecode reflection optimizer
Mar 11, 2024 7:14:40 PM org.hibernate.engine.jdbc.connections.internal.DriverManagerConnectionProviderImpl configure
WARN: HHH10001002: Using built-in connection pool (not intended for production use)
Mar 11, 2024 7:14:40 PM org.hibernate.engine.jdbc.connections.internal.DriverManagerConnectionProviderImpl buildCreator
INFO: HHH10001005: Loaded JDBC driver class: org.testcontainers.jdbc.ContainerDatabaseDriver
Mar 11, 2024 7:14:40 PM org.hibernate.engine.jdbc.connections.internal.DriverManagerConnectionProviderImpl buildCreator
INFO: HHH10001012: Connecting with JDBC URL [jdbc:tc:postgresql:15.3-alpine3.18:///test-db]
Mar 11, 2024 7:14:40 PM org.hibernate.engine.jdbc.connections.internal.DriverManagerConnectionProviderImpl buildCreator
INFO: HHH10001001: Connection properties: {password=****, user=postgres}
Mar 11, 2024 7:14:40 PM org.hibernate.engine.jdbc.connections.internal.DriverManagerConnectionProviderImpl buildCreator
INFO: HHH10001003: Autocommit mode: false
Mar 11, 2024 7:14:40 PM org.hibernate.engine.jdbc.connections.internal.DriverManagerConnectionProviderImpl$PooledConnections <init>
INFO: HHH10001115: Connection pool size: 20 (min=1)
[main] INFO org.testcontainers.images.PullPolicy - Image pull policy will be performed by: DefaultPullPolicy()
[main] INFO org.testcontainers.utility.ImageNameSubstitutor - Image name substitution will be performed by: DefaultImageNameSubstitutor (composite of 'ConfigurationFileImageNameSubstitutor' and 'PrefixingImageNameSubstitutor')
[main] INFO org.testcontainers.dockerclient.DockerClientProviderStrategy - Loaded org.testcontainers.dockerclient.UnixSocketClientProviderStrategy from ~/.testcontainers.properties, will try it first
[main] INFO org.testcontainers.dockerclient.DockerClientProviderStrategy - Found Docker environment with local Unix socket (unix:///var/run/docker.sock)
[main] INFO org.testcontainers.DockerClientFactory - Docker host IP address is localhost
[main] INFO org.testcontainers.DockerClientFactory - Connected to docker: 
  Server Version: 25.0.2
  API Version: 1.44
  Operating System: Docker Desktop
  Total Memory: 3923 MB
[main] INFO tc.testcontainers/ryuk:0.6.0 - Creating container for image: testcontainers/ryuk:0.6.0
[main] INFO org.testcontainers.utility.RegistryAuthLocator - Credential helper/store (docker-credential-desktop) does not have credentials for https://index.docker.io/v1/
[main] INFO tc.testcontainers/ryuk:0.6.0 - Container testcontainers/ryuk:0.6.0 is starting: 290bc4dbb7bc11d0b3c381a42cd143b3365b4dfdf025d16787aa174d02dd4c41
[main] INFO tc.testcontainers/ryuk:0.6.0 - Container testcontainers/ryuk:0.6.0 started in PT0.660961S
[main] INFO org.testcontainers.utility.RyukResourceReaper - Ryuk started - will monitor and terminate Testcontainers containers on JVM exit
[main] INFO org.testcontainers.DockerClientFactory - Checking the system...
[main] INFO org.testcontainers.DockerClientFactory - ✔︎ Docker server version should be at least 1.6.0
[main] INFO tc.postgres:15.3-alpine3.18 - Creating container for image: postgres:15.3-alpine3.18
[main] INFO tc.postgres:15.3-alpine3.18 - Container postgres:15.3-alpine3.18 is starting: 36ffc28a4f2ca7aee6f004fb23676102f8c70dc44097b4d7be2dd7b918776cf1
[main] INFO tc.postgres:15.3-alpine3.18 - Container postgres:15.3-alpine3.18 started in PT1.137608S
[main] INFO tc.postgres:15.3-alpine3.18 - Container is started (JDBC URL: jdbc:postgresql://localhost:57276/test?loggerLevel=OFF)
Mar 11, 2024 7:14:43 PM org.hibernate.bytecode.internal.BytecodeProviderInitiator buildBytecodeProvider
INFO: HHH000021: Bytecode provider name : bytebuddy
Mar 11, 2024 7:14:43 PM org.hibernate.engine.transaction.jta.platform.internal.JtaPlatformInitiator initiateService
INFO: HHH000490: Using JtaPlatform implementation: [org.hibernate.engine.transaction.jta.platform.internal.NoJtaPlatform]
Mar 11, 2024 7:14:43 PM org.hibernate.resource.transaction.backend.jdbc.internal.DdlTransactionIsolatorNonJtaImpl getIsolatedConnection
INFO: HHH10001501: Connection obtained from JdbcConnectionAccess [org.hibernate.engine.jdbc.env.internal.JdbcEnvironmentInitiator$ConnectionProviderJdbcConnectionAccess@7d80e1b3] for (non-JTA) DDL execution was not in auto-commit mode; the Connection 'local transaction' will be committed and the Connection will be set into auto-commit mode.
Mar 11, 2024 7:14:43 PM org.hibernate.engine.jdbc.spi.SqlExceptionHelper$StandardWarningHandler logWarning
WARN: SQL Warning Code: 0, SQLState: 00000
Mar 11, 2024 7:14:43 PM org.hibernate.engine.jdbc.spi.SqlExceptionHelper$StandardWarningHandler logWarning
WARN: relation "fee" does not exist, skipping
Mar 11, 2024 7:14:43 PM org.hibernate.engine.jdbc.spi.SqlExceptionHelper$StandardWarningHandler logWarning
WARN: SQL Warning Code: 0, SQLState: 00000
Mar 11, 2024 7:14:43 PM org.hibernate.engine.jdbc.spi.SqlExceptionHelper$StandardWarningHandler logWarning
WARN: relation "note" does not exist, skipping
Mar 11, 2024 7:14:43 PM org.hibernate.engine.jdbc.spi.SqlExceptionHelper$StandardWarningHandler logWarning
WARN: SQL Warning Code: 0, SQLState: 00000
Mar 11, 2024 7:14:43 PM org.hibernate.engine.jdbc.spi.SqlExceptionHelper$StandardWarningHandler logWarning
WARN: relation "persondetail" does not exist, skipping
Mar 11, 2024 7:14:43 PM org.hibernate.engine.jdbc.spi.SqlExceptionHelper$StandardWarningHandler logWarning
WARN: SQL Warning Code: 0, SQLState: 00000
Mar 11, 2024 7:14:43 PM org.hibernate.engine.jdbc.spi.SqlExceptionHelper$StandardWarningHandler logWarning
WARN: table "fee" does not exist, skipping
Mar 11, 2024 7:14:43 PM org.hibernate.engine.jdbc.spi.SqlExceptionHelper$StandardWarningHandler logWarning
WARN: SQL Warning Code: 0, SQLState: 00000
Mar 11, 2024 7:14:43 PM org.hibernate.engine.jdbc.spi.SqlExceptionHelper$StandardWarningHandler logWarning
WARN: table "note" does not exist, skipping
Mar 11, 2024 7:14:43 PM org.hibernate.engine.jdbc.spi.SqlExceptionHelper$StandardWarningHandler logWarning
WARN: SQL Warning Code: 0, SQLState: 00000
Mar 11, 2024 7:14:43 PM org.hibernate.engine.jdbc.spi.SqlExceptionHelper$StandardWarningHandler logWarning
WARN: table "person" does not exist, skipping
Mar 11, 2024 7:14:43 PM org.hibernate.engine.jdbc.spi.SqlExceptionHelper$StandardWarningHandler logWarning
WARN: SQL Warning Code: 0, SQLState: 00000
Mar 11, 2024 7:14:43 PM org.hibernate.engine.jdbc.spi.SqlExceptionHelper$StandardWarningHandler logWarning
WARN: table "persondetail" does not exist, skipping
Mar 11, 2024 7:14:43 PM org.hibernate.resource.transaction.backend.jdbc.internal.DdlTransactionIsolatorNonJtaImpl getIsolatedConnection
INFO: HHH10001501: Connection obtained from JdbcConnectionAccess [org.hibernate.engine.jdbc.env.internal.JdbcEnvironmentInitiator$ConnectionProviderJdbcConnectionAccess@3f3a6091] for (non-JTA) DDL execution was not in auto-commit mode; the Connection 'local transaction' will be committed and the Connection will be set into auto-commit mode.
]]></system-err>
  </testcase>
  <testcase name="delete" classname="DolphinDAOTest" time="0"/>
  <testcase name="update" classname="DolphinDAOTest" time="0.061">
    <system-out><![CDATA[Hibernate: select p1_0.id,p1_0.age,p1_0.name,p2_0.person_id,p2_0.Address,p2_0.age,p2_0.city,p2_0.zip from Person p1_0 left join PersonDetail p2_0 on p1_0.id=p2_0.person_id where p1_0.id=?
Hibernate: select p1_0.id,p1_0.age,f1_0.person_id,f1_0.Id,f1_0.amount,f1_0.payDate,p1_0.name,p2_0.person_id,p2_0.Address,p2_0.age,p2_0.city,p2_0.zip from Person p1_0 left join Fee f1_0 on p1_0.id=f1_0.person_id left join PersonDetail p2_0 on p1_0.id=p2_0.person_id where p1_0.id=?
Hibernate: select n1_0.person_id,n1_0.id,n1_0.createdBy,n1_0.createdOn,n1_0.note from Note n1_0 where n1_0.person_id=?
Hibernate: update Person set age=?,name=? where id=?
]]></system-out>
  </testcase>
  <testcase name="read" classname="DolphinDAOTest" time="0.003">
    <system-out><![CDATA[Hibernate: select p1_0.id,p1_0.age,p1_0.name,p2_0.person_id,p2_0.Address,p2_0.age,p2_0.city,p2_0.zip from Person p1_0 left join PersonDetail p2_0 on p1_0.id=p2_0.person_id where p1_0.id=?
]]></system-out>
  </testcase>
</testsuite>